<?xml version="1.0" encoding="UTF-8"?>
<testng-results skipped="0" failed="2" total="59" passed="57">
  <reporter-output>
  </reporter-output>
  <suite name="Default suite" duration-ms="4885038" started-at="2014-11-07T07:03:01Z" finished-at="2014-11-07T08:24:26Z">
    <groups>
    </groups>
    <test name="Default test" duration-ms="4885038" started-at="2014-11-07T07:03:01Z" finished-at="2014-11-07T08:24:26Z">
      <class name="com.unicel.testCases.HybridExecuteTest">
        <test-method status="PASS" signature="testCasesExe(java.lang.String, java.lang.String, java.lang.String, java.lang.String, java.lang.String, java.lang.String)[pri:0, instance:com.unicel.testCases.HybridExecuteTest@16daece7]" name="testCasesExe" duration-ms="15834" started-at="2014-11-07T13:53:07Z" data-provider="hybridData" finished-at="2014-11-07T13:53:23Z">
          <params>
            <param index="0">
              <value>
                <![CDATA[Edit Customer Account In ERP]]>
              </value>
            </param>
            <param index="1">
              <value>
                <![CDATA[]]>
              </value>
            </param>
            <param index="2">
              <value>
                <![CDATA[]]>
              </value>
            </param>
            <param index="3">
              <value>
                <![CDATA[]]>
              </value>
            </param>
            <param index="4">
              <value>
                <![CDATA[]]>
              </value>
            </param>
            <param index="5">
              <value>
                <![CDATA[Y]]>
              </value>
            </param>
          </params>
          <reporter-output>
          </reporter-output>
        </test-method> <!-- testCasesExe -->
        <test-method status="PASS" signature="testCasesExe(java.lang.String, java.lang.String, java.lang.String, java.lang.String, java.lang.String, java.lang.String)[pri:0, instance:com.unicel.testCases.HybridExecuteTest@16daece7]" name="testCasesExe" duration-ms="4285" started-at="2014-11-07T13:53:23Z" data-provider="hybridData" finished-at="2014-11-07T13:53:27Z">
          <params>
            <param index="0">
              <value>
                <![CDATA[]]>
              </value>
            </param>
            <param index="1">
              <value>
                <![CDATA[GOTOURL]]>
              </value>
            </param>
            <param index="2">
              <value>
                <![CDATA[]]>
              </value>
            </param>
            <param index="3">
              <value>
                <![CDATA[]]>
              </value>
            </param>
            <param index="4">
              <value>
                <![CDATA[https://staging.unicel.in/erp/]]>
              </value>
            </param>
            <param index="5">
              <value>
                <![CDATA[Y]]>
              </value>
            </param>
          </params>
          <reporter-output>
          </reporter-output>
        </test-method> <!-- testCasesExe -->
        <test-method status="PASS" signature="testCasesExe(java.lang.String, java.lang.String, java.lang.String, java.lang.String, java.lang.String, java.lang.String)[pri:0, instance:com.unicel.testCases.HybridExecuteTest@16daece7]" name="testCasesExe" duration-ms="372" started-at="2014-11-07T13:53:27Z" data-provider="hybridData" finished-at="2014-11-07T13:53:28Z">
          <params>
            <param index="0">
              <value>
                <![CDATA[]]>
              </value>
            </param>
            <param index="1">
              <value>
                <![CDATA[SETTEXT]]>
              </value>
            </param>
            <param index="2">
              <value>
                <![CDATA[username]]>
              </value>
            </param>
            <param index="3">
              <value>
                <![CDATA[XPATH]]>
              </value>
            </param>
            <param index="4">
              <value>
                <![CDATA[1140]]>
              </value>
            </param>
            <param index="5">
              <value>
                <![CDATA[Y]]>
              </value>
            </param>
          </params>
          <reporter-output>
          </reporter-output>
        </test-method> <!-- testCasesExe -->
        <test-method status="PASS" signature="testCasesExe(java.lang.String, java.lang.String, java.lang.String, java.lang.String, java.lang.String, java.lang.String)[pri:0, instance:com.unicel.testCases.HybridExecuteTest@16daece7]" name="testCasesExe" duration-ms="1007" started-at="2014-11-07T13:53:28Z" data-provider="hybridData" finished-at="2014-11-07T13:53:29Z">
          <params>
            <param index="0">
              <value>
                <![CDATA[]]>
              </value>
            </param>
            <param index="1">
              <value>
                <![CDATA[SETTEXT]]>
              </value>
            </param>
            <param index="2">
              <value>
                <![CDATA[password]]>
              </value>
            </param>
            <param index="3">
              <value>
                <![CDATA[XPATH]]>
              </value>
            </param>
            <param index="4">
              <value>
                <![CDATA[erp]]>
              </value>
            </param>
            <param index="5">
              <value>
                <![CDATA[Y]]>
              </value>
            </param>
          </params>
          <reporter-output>
          </reporter-output>
        </test-method> <!-- testCasesExe -->
        <test-method status="PASS" signature="testCasesExe(java.lang.String, java.lang.String, java.lang.String, java.lang.String, java.lang.String, java.lang.String)[pri:0, instance:com.unicel.testCases.HybridExecuteTest@16daece7]" name="testCasesExe" duration-ms="212" started-at="2014-11-07T13:53:29Z" data-provider="hybridData" finished-at="2014-11-07T13:53:29Z">
          <params>
            <param index="0">
              <value>
                <![CDATA[]]>
              </value>
            </param>
            <param index="1">
              <value>
                <![CDATA[CLICK]]>
              </value>
            </param>
            <param index="2">
              <value>
                <![CDATA[loginButton]]>
              </value>
            </param>
            <param index="3">
              <value>
                <![CDATA[XPATH]]>
              </value>
            </param>
            <param index="4">
              <value>
                <![CDATA[]]>
              </value>
            </param>
            <param index="5">
              <value>
                <![CDATA[Y]]>
              </value>
            </param>
          </params>
          <reporter-output>
          </reporter-output>
        </test-method> <!-- testCasesExe -->
        <test-method status="PASS" signature="testCasesExe(java.lang.String, java.lang.String, java.lang.String, java.lang.String, java.lang.String, java.lang.String)[pri:0, instance:com.unicel.testCases.HybridExecuteTest@16daece7]" name="testCasesExe" duration-ms="1487" started-at="2014-11-07T13:53:29Z" data-provider="hybridData" finished-at="2014-11-07T13:53:30Z">
          <params>
            <param index="0">
              <value>
                <![CDATA[]]>
              </value>
            </param>
            <param index="1">
              <value>
                <![CDATA[CLICK]]>
              </value>
            </param>
            <param index="2">
              <value>
                <![CDATA[Cust_mgmt]]>
              </value>
            </param>
            <param index="3">
              <value>
                <![CDATA[XPATH]]>
              </value>
            </param>
            <param index="4">
              <value>
                <![CDATA[]]>
              </value>
            </param>
            <param index="5">
              <value>
                <![CDATA[Y]]>
              </value>
            </param>
          </params>
          <reporter-output>
          </reporter-output>
        </test-method> <!-- testCasesExe -->
        <test-method status="PASS" signature="testCasesExe(java.lang.String, java.lang.String, java.lang.String, java.lang.String, java.lang.String, java.lang.String)[pri:0, instance:com.unicel.testCases.HybridExecuteTest@16daece7]" name="testCasesExe" duration-ms="5139" started-at="2014-11-07T13:53:30Z" data-provider="hybridData" finished-at="2014-11-07T13:53:36Z">
          <params>
            <param index="0">
              <value>
                <![CDATA[]]>
              </value>
            </param>
            <param index="1">
              <value>
                <![CDATA[SETTEXT]]>
              </value>
            </param>
            <param index="2">
              <value>
                <![CDATA[CUST_MGMT_SEARCH_BOX]]>
              </value>
            </param>
            <param index="3">
              <value>
                <![CDATA[XPATH]]>
              </value>
            </param>
            <param index="4">
              <value>
                <![CDATA[TCMODTwo]]>
              </value>
            </param>
            <param index="5">
              <value>
                <![CDATA[Y]]>
              </value>
            </param>
          </params>
          <reporter-output>
          </reporter-output>
        </test-method> <!-- testCasesExe -->
        <test-method status="PASS" signature="testCasesExe(java.lang.String, java.lang.String, java.lang.String, java.lang.String, java.lang.String, java.lang.String)[pri:0, instance:com.unicel.testCases.HybridExecuteTest@16daece7]" name="testCasesExe" duration-ms="326" started-at="2014-11-07T13:53:36Z" data-provider="hybridData" finished-at="2014-11-07T13:53:36Z">
          <params>
            <param index="0">
              <value>
                <![CDATA[]]>
              </value>
            </param>
            <param index="1">
              <value>
                <![CDATA[CLICK]]>
              </value>
            </param>
            <param index="2">
              <value>
                <![CDATA[CHOOSE_ACCOUNT]]>
              </value>
            </param>
            <param index="3">
              <value>
                <![CDATA[XPATH]]>
              </value>
            </param>
            <param index="4">
              <value>
                <![CDATA[]]>
              </value>
            </param>
            <param index="5">
              <value>
                <![CDATA[Y]]>
              </value>
            </param>
          </params>
          <reporter-output>
          </reporter-output>
        </test-method> <!-- testCasesExe -->
        <test-method status="PASS" signature="testCasesExe(java.lang.String, java.lang.String, java.lang.String, java.lang.String, java.lang.String, java.lang.String)[pri:0, instance:com.unicel.testCases.HybridExecuteTest@16daece7]" name="testCasesExe" duration-ms="2910" started-at="2014-11-07T13:53:36Z" data-provider="hybridData" finished-at="2014-11-07T13:53:39Z">
          <params>
            <param index="0">
              <value>
                <![CDATA[]]>
              </value>
            </param>
            <param index="1">
              <value>
                <![CDATA[CLICK]]>
              </value>
            </param>
            <param index="2">
              <value>
                <![CDATA[CHOOSE_EDIT_ACC]]>
              </value>
            </param>
            <param index="3">
              <value>
                <![CDATA[XPATH]]>
              </value>
            </param>
            <param index="4">
              <value>
                <![CDATA[]]>
              </value>
            </param>
            <param index="5">
              <value>
                <![CDATA[Y]]>
              </value>
            </param>
          </params>
          <reporter-output>
          </reporter-output>
        </test-method> <!-- testCasesExe -->
        <test-method status="PASS" signature="testCasesExe(java.lang.String, java.lang.String, java.lang.String, java.lang.String, java.lang.String, java.lang.String)[pri:0, instance:com.unicel.testCases.HybridExecuteTest@16daece7]" name="testCasesExe" duration-ms="1002" started-at="2014-11-07T13:53:39Z" data-provider="hybridData" finished-at="2014-11-07T13:53:40Z">
          <params>
            <param index="0">
              <value>
                <![CDATA[]]>
              </value>
            </param>
            <param index="1">
              <value>
                <![CDATA[CLEAR]]>
              </value>
            </param>
            <param index="2">
              <value>
                <![CDATA[CH_COMPANY]]>
              </value>
            </param>
            <param index="3">
              <value>
                <![CDATA[XPATH]]>
              </value>
            </param>
            <param index="4">
              <value>
                <![CDATA[]]>
              </value>
            </param>
            <param index="5">
              <value>
                <![CDATA[Y]]>
              </value>
            </param>
          </params>
          <reporter-output>
          </reporter-output>
        </test-method> <!-- testCasesExe -->
        <test-method status="PASS" signature="testCasesExe(java.lang.String, java.lang.String, java.lang.String, java.lang.String, java.lang.String, java.lang.String)[pri:0, instance:com.unicel.testCases.HybridExecuteTest@16daece7]" name="testCasesExe" duration-ms="441" started-at="2014-11-07T13:53:40Z" data-provider="hybridData" finished-at="2014-11-07T13:53:40Z">
          <params>
            <param index="0">
              <value>
                <![CDATA[]]>
              </value>
            </param>
            <param index="1">
              <value>
                <![CDATA[SETTEXT]]>
              </value>
            </param>
            <param index="2">
              <value>
                <![CDATA[CH_COMPANY]]>
              </value>
            </param>
            <param index="3">
              <value>
                <![CDATA[XPATH]]>
              </value>
            </param>
            <param index="4">
              <value>
                <![CDATA[Test Technologies ]]>
              </value>
            </param>
            <param index="5">
              <value>
                <![CDATA[Y]]>
              </value>
            </param>
          </params>
          <reporter-output>
          </reporter-output>
        </test-method> <!-- testCasesExe -->
        <test-method status="PASS" signature="testCasesExe(java.lang.String, java.lang.String, java.lang.String, java.lang.String, java.lang.String, java.lang.String)[pri:0, instance:com.unicel.testCases.HybridExecuteTest@16daece7]" name="testCasesExe" duration-ms="354" started-at="2014-11-07T13:53:40Z" data-provider="hybridData" finished-at="2014-11-07T13:53:41Z">
          <params>
            <param index="0">
              <value>
                <![CDATA[]]>
              </value>
            </param>
            <param index="1">
              <value>
                <![CDATA[CLICK]]>
              </value>
            </param>
            <param index="2">
              <value>
                <![CDATA[CHOOSE_CONTACT_INFO]]>
              </value>
            </param>
            <param index="3">
              <value>
                <![CDATA[XPATH]]>
              </value>
            </param>
            <param index="4">
              <value>
                <![CDATA[]]>
              </value>
            </param>
            <param index="5">
              <value>
                <![CDATA[Y]]>
              </value>
            </param>
          </params>
          <reporter-output>
          </reporter-output>
        </test-method> <!-- testCasesExe -->
        <test-method status="PASS" signature="testCasesExe(java.lang.String, java.lang.String, java.lang.String, java.lang.String, java.lang.String, java.lang.String)[pri:0, instance:com.unicel.testCases.HybridExecuteTest@16daece7]" name="testCasesExe" duration-ms="193" started-at="2014-11-07T13:53:41Z" data-provider="hybridData" finished-at="2014-11-07T13:53:41Z">
          <params>
            <param index="0">
              <value>
                <![CDATA[]]>
              </value>
            </param>
            <param index="1">
              <value>
                <![CDATA[CLEAR]]>
              </value>
            </param>
            <param index="2">
              <value>
                <![CDATA[CHANGE_BUSS_CON]]>
              </value>
            </param>
            <param index="3">
              <value>
                <![CDATA[XPATH]]>
              </value>
            </param>
            <param index="4">
              <value>
                <![CDATA[]]>
              </value>
            </param>
            <param index="5">
              <value>
                <![CDATA[Y]]>
              </value>
            </param>
          </params>
          <reporter-output>
          </reporter-output>
        </test-method> <!-- testCasesExe -->
        <test-method status="PASS" signature="testCasesExe(java.lang.String, java.lang.String, java.lang.String, java.lang.String, java.lang.String, java.lang.String)[pri:0, instance:com.unicel.testCases.HybridExecuteTest@16daece7]" name="testCasesExe" duration-ms="449" started-at="2014-11-07T13:53:41Z" data-provider="hybridData" finished-at="2014-11-07T13:53:41Z">
          <params>
            <param index="0">
              <value>
                <![CDATA[]]>
              </value>
            </param>
            <param index="1">
              <value>
                <![CDATA[SETTEXT]]>
              </value>
            </param>
            <param index="2">
              <value>
                <![CDATA[CHANGE_BUSS_CON]]>
              </value>
            </param>
            <param index="3">
              <value>
                <![CDATA[XPATH]]>
              </value>
            </param>
            <param index="4">
              <value>
                <![CDATA[Test Technologies ]]>
              </value>
            </param>
            <param index="5">
              <value>
                <![CDATA[Y]]>
              </value>
            </param>
          </params>
          <reporter-output>
          </reporter-output>
        </test-method> <!-- testCasesExe -->
        <test-method status="PASS" signature="testCasesExe(java.lang.String, java.lang.String, java.lang.String, java.lang.String, java.lang.String, java.lang.String)[pri:0, instance:com.unicel.testCases.HybridExecuteTest@16daece7]" name="testCasesExe" duration-ms="223" started-at="2014-11-07T13:53:41Z" data-provider="hybridData" finished-at="2014-11-07T13:53:41Z">
          <params>
            <param index="0">
              <value>
                <![CDATA[]]>
              </value>
            </param>
            <param index="1">
              <value>
                <![CDATA[CLICK]]>
              </value>
            </param>
            <param index="2">
              <value>
                <![CDATA[TECH_CON_SAMEASABOVE]]>
              </value>
            </param>
            <param index="3">
              <value>
                <![CDATA[XPATH]]>
              </value>
            </param>
            <param index="4">
              <value>
                <![CDATA[]]>
              </value>
            </param>
            <param index="5">
              <value>
                <![CDATA[Y]]>
              </value>
            </param>
          </params>
          <reporter-output>
          </reporter-output>
        </test-method> <!-- testCasesExe -->
        <test-method status="PASS" signature="testCasesExe(java.lang.String, java.lang.String, java.lang.String, java.lang.String, java.lang.String, java.lang.String)[pri:0, instance:com.unicel.testCases.HybridExecuteTest@16daece7]" name="testCasesExe" duration-ms="226" started-at="2014-11-07T13:53:41Z" data-provider="hybridData" finished-at="2014-11-07T13:53:42Z">
          <params>
            <param index="0">
              <value>
                <![CDATA[]]>
              </value>
            </param>
            <param index="1">
              <value>
                <![CDATA[CLICK]]>
              </value>
            </param>
            <param index="2">
              <value>
                <![CDATA[BILLING_CON_SAMEASABOVE]]>
              </value>
            </param>
            <param index="3">
              <value>
                <![CDATA[XPATH]]>
              </value>
            </param>
            <param index="4">
              <value>
                <![CDATA[]]>
              </value>
            </param>
            <param index="5">
              <value>
                <![CDATA[Y]]>
              </value>
            </param>
          </params>
          <reporter-output>
          </reporter-output>
        </test-method> <!-- testCasesExe -->
        <test-method status="PASS" signature="testCasesExe(java.lang.String, java.lang.String, java.lang.String, java.lang.String, java.lang.String, java.lang.String)[pri:0, instance:com.unicel.testCases.HybridExecuteTest@16daece7]" name="testCasesExe" duration-ms="128" started-at="2014-11-07T13:53:42Z" data-provider="hybridData" finished-at="2014-11-07T13:53:42Z">
          <params>
            <param index="0">
              <value>
                <![CDATA[]]>
              </value>
            </param>
            <param index="1">
              <value>
                <![CDATA[CLEAR]]>
              </value>
            </param>
            <param index="2">
              <value>
                <![CDATA[ALTERNATE_EID]]>
              </value>
            </param>
            <param index="3">
              <value>
                <![CDATA[XPATH]]>
              </value>
            </param>
            <param index="4">
              <value>
                <![CDATA[]]>
              </value>
            </param>
            <param index="5">
              <value>
                <![CDATA[Y]]>
              </value>
            </param>
          </params>
          <reporter-output>
          </reporter-output>
        </test-method> <!-- testCasesExe -->
        <test-method status="PASS" signature="testCasesExe(java.lang.String, java.lang.String, java.lang.String, java.lang.String, java.lang.String, java.lang.String)[pri:0, instance:com.unicel.testCases.HybridExecuteTest@16daece7]" name="testCasesExe" duration-ms="333" started-at="2014-11-07T13:53:42Z" data-provider="hybridData" finished-at="2014-11-07T13:53:42Z">
          <params>
            <param index="0">
              <value>
                <![CDATA[]]>
              </value>
            </param>
            <param index="1">
              <value>
                <![CDATA[SETTEXT]]>
              </value>
            </param>
            <param index="2">
              <value>
                <![CDATA[ALTERNATE_EID]]>
              </value>
            </param>
            <param index="3">
              <value>
                <![CDATA[XPATH]]>
              </value>
            </param>
            <param index="4">
              <value>
                <![CDATA[abc@gmail.com]]>
              </value>
            </param>
            <param index="5">
              <value>
                <![CDATA[Y]]>
              </value>
            </param>
          </params>
          <reporter-output>
          </reporter-output>
        </test-method> <!-- testCasesExe -->
        <test-method status="PASS" signature="testCasesExe(java.lang.String, java.lang.String, java.lang.String, java.lang.String, java.lang.String, java.lang.String)[pri:0, instance:com.unicel.testCases.HybridExecuteTest@16daece7]" name="testCasesExe" duration-ms="562" started-at="2014-11-07T13:53:42Z" data-provider="hybridData" finished-at="2014-11-07T13:53:43Z">
          <params>
            <param index="0">
              <value>
                <![CDATA[]]>
              </value>
            </param>
            <param index="1">
              <value>
                <![CDATA[CLICK]]>
              </value>
            </param>
            <param index="2">
              <value>
                <![CDATA[CH_BILLING_INFO]]>
              </value>
            </param>
            <param index="3">
              <value>
                <![CDATA[XPATH]]>
              </value>
            </param>
            <param index="4">
              <value>
                <![CDATA[]]>
              </value>
            </param>
            <param index="5">
              <value>
                <![CDATA[Y]]>
              </value>
            </param>
          </params>
          <reporter-output>
          </reporter-output>
        </test-method> <!-- testCasesExe -->
        <test-method status="PASS" signature="testCasesExe(java.lang.String, java.lang.String, java.lang.String, java.lang.String, java.lang.String, java.lang.String)[pri:0, instance:com.unicel.testCases.HybridExecuteTest@16daece7]" name="testCasesExe" duration-ms="371" started-at="2014-11-07T13:53:43Z" data-provider="hybridData" finished-at="2014-11-07T13:53:43Z">
          <params>
            <param index="0">
              <value>
                <![CDATA[]]>
              </value>
            </param>
            <param index="1">
              <value>
                <![CDATA[CLEAR]]>
              </value>
            </param>
            <param index="2">
              <value>
                <![CDATA[CHANGE_BILLING_ADD]]>
              </value>
            </param>
            <param index="3">
              <value>
                <![CDATA[XPATH]]>
              </value>
            </param>
            <param index="4">
              <value>
                <![CDATA[]]>
              </value>
            </param>
            <param index="5">
              <value>
                <![CDATA[Y]]>
              </value>
            </param>
          </params>
          <reporter-output>
          </reporter-output>
        </test-method> <!-- testCasesExe -->
        <test-method status="PASS" signature="testCasesExe(java.lang.String, java.lang.String, java.lang.String, java.lang.String, java.lang.String, java.lang.String)[pri:0, instance:com.unicel.testCases.HybridExecuteTest@16daece7]" name="testCasesExe" duration-ms="466" started-at="2014-11-07T13:53:43Z" data-provider="hybridData" finished-at="2014-11-07T13:53:43Z">
          <params>
            <param index="0">
              <value>
                <![CDATA[]]>
              </value>
            </param>
            <param index="1">
              <value>
                <![CDATA[SETTEXT]]>
              </value>
            </param>
            <param index="2">
              <value>
                <![CDATA[CHANGE_BILLING_ADD]]>
              </value>
            </param>
            <param index="3">
              <value>
                <![CDATA[XPATH]]>
              </value>
            </param>
            <param index="4">
              <value>
                <![CDATA[This is check to billing address]]>
              </value>
            </param>
            <param index="5">
              <value>
                <![CDATA[Y]]>
              </value>
            </param>
          </params>
          <reporter-output>
          </reporter-output>
        </test-method> <!-- testCasesExe -->
        <test-method status="PASS" signature="testCasesExe(java.lang.String, java.lang.String, java.lang.String, java.lang.String, java.lang.String, java.lang.String)[pri:0, instance:com.unicel.testCases.HybridExecuteTest@16daece7]" name="testCasesExe" duration-ms="442" started-at="2014-11-07T13:53:43Z" data-provider="hybridData" finished-at="2014-11-07T13:53:44Z">
          <params>
            <param index="0">
              <value>
                <![CDATA[]]>
              </value>
            </param>
            <param index="1">
              <value>
                <![CDATA[CLICK]]>
              </value>
            </param>
            <param index="2">
              <value>
                <![CDATA[CH_COMMENT]]>
              </value>
            </param>
            <param index="3">
              <value>
                <![CDATA[XPATH]]>
              </value>
            </param>
            <param index="4">
              <value>
                <![CDATA[]]>
              </value>
            </param>
            <param index="5">
              <value>
                <![CDATA[Y]]>
              </value>
            </param>
          </params>
          <reporter-output>
          </reporter-output>
        </test-method> <!-- testCasesExe -->
        <test-method status="PASS" signature="testCasesExe(java.lang.String, java.lang.String, java.lang.String, java.lang.String, java.lang.String, java.lang.String)[pri:0, instance:com.unicel.testCases.HybridExecuteTest@16daece7]" name="testCasesExe" duration-ms="200" started-at="2014-11-07T13:53:44Z" data-provider="hybridData" finished-at="2014-11-07T13:53:44Z">
          <params>
            <param index="0">
              <value>
                <![CDATA[]]>
              </value>
            </param>
            <param index="1">
              <value>
                <![CDATA[CLEAR]]>
              </value>
            </param>
            <param index="2">
              <value>
                <![CDATA[POST_REMARKS]]>
              </value>
            </param>
            <param index="3">
              <value>
                <![CDATA[XPATH]]>
              </value>
            </param>
            <param index="4">
              <value>
                <![CDATA[]]>
              </value>
            </param>
            <param index="5">
              <value>
                <![CDATA[Y]]>
              </value>
            </param>
          </params>
          <reporter-output>
          </reporter-output>
        </test-method> <!-- testCasesExe -->
        <test-method status="PASS" signature="testCasesExe(java.lang.String, java.lang.String, java.lang.String, java.lang.String, java.lang.String, java.lang.String)[pri:0, instance:com.unicel.testCases.HybridExecuteTest@16daece7]" name="testCasesExe" duration-ms="676" started-at="2014-11-07T13:53:44Z" data-provider="hybridData" finished-at="2014-11-07T13:53:45Z">
          <params>
            <param index="0">
              <value>
                <![CDATA[]]>
              </value>
            </param>
            <param index="1">
              <value>
                <![CDATA[SETTEXT]]>
              </value>
            </param>
            <param index="2">
              <value>
                <![CDATA[POST_REMARKS]]>
              </value>
            </param>
            <param index="3">
              <value>
                <![CDATA[XPATH]]>
              </value>
            </param>
            <param index="4">
              <value>
                <![CDATA[This is post remark after editing the account]]>
              </value>
            </param>
            <param index="5">
              <value>
                <![CDATA[Y]]>
              </value>
            </param>
          </params>
          <reporter-output>
          </reporter-output>
        </test-method> <!-- testCasesExe -->
        <test-method status="PASS" signature="testCasesExe(java.lang.String, java.lang.String, java.lang.String, java.lang.String, java.lang.String, java.lang.String)[pri:0, instance:com.unicel.testCases.HybridExecuteTest@16daece7]" name="testCasesExe" duration-ms="392" started-at="2014-11-07T13:53:45Z" data-provider="hybridData" finished-at="2014-11-07T13:53:45Z">
          <params>
            <param index="0">
              <value>
                <![CDATA[]]>
              </value>
            </param>
            <param index="1">
              <value>
                <![CDATA[CLICK]]>
              </value>
            </param>
            <param index="2">
              <value>
                <![CDATA[EDIT_SAVE]]>
              </value>
            </param>
            <param index="3">
              <value>
                <![CDATA[XPATH]]>
              </value>
            </param>
            <param index="4">
              <value>
                <![CDATA[]]>
              </value>
            </param>
            <param index="5">
              <value>
                <![CDATA[Y]]>
              </value>
            </param>
          </params>
          <reporter-output>
          </reporter-output>
        </test-method> <!-- testCasesExe -->
        <test-method status="PASS" signature="testCasesExe(java.lang.String, java.lang.String, java.lang.String, java.lang.String, java.lang.String, java.lang.String)[pri:0, instance:com.unicel.testCases.HybridExecuteTest@16daece7]" name="testCasesExe" duration-ms="53" started-at="2014-11-07T13:53:45Z" data-provider="hybridData" finished-at="2014-11-07T13:53:45Z">
          <params>
            <param index="0">
              <value>
                <![CDATA[]]>
              </value>
            </param>
            <param index="1">
              <value>
                <![CDATA[WAIT]]>
              </value>
            </param>
            <param index="2">
              <value>
                <![CDATA[]]>
              </value>
            </param>
            <param index="3">
              <value>
                <![CDATA[]]>
              </value>
            </param>
            <param index="4">
              <value>
                <![CDATA[]]>
              </value>
            </param>
            <param index="5">
              <value>
                <![CDATA[Y]]>
              </value>
            </param>
          </params>
          <reporter-output>
          </reporter-output>
        </test-method> <!-- testCasesExe -->
        <test-method status="PASS" signature="testCasesExe(java.lang.String, java.lang.String, java.lang.String, java.lang.String, java.lang.String, java.lang.String)[pri:0, instance:com.unicel.testCases.HybridExecuteTest@16daece7]" name="testCasesExe" duration-ms="54" started-at="2014-11-07T13:53:45Z" data-provider="hybridData" finished-at="2014-11-07T13:53:45Z">
          <params>
            <param index="0">
              <value>
                <![CDATA[Login In GlobalOne]]>
              </value>
            </param>
            <param index="1">
              <value>
                <![CDATA[]]>
              </value>
            </param>
            <param index="2">
              <value>
                <![CDATA[]]>
              </value>
            </param>
            <param index="3">
              <value>
                <![CDATA[]]>
              </value>
            </param>
            <param index="4">
              <value>
                <![CDATA[]]>
              </value>
            </param>
            <param index="5">
              <value>
                <![CDATA[Y]]>
              </value>
            </param>
          </params>
          <reporter-output>
          </reporter-output>
        </test-method> <!-- testCasesExe -->
        <test-method status="PASS" signature="testCasesExe(java.lang.String, java.lang.String, java.lang.String, java.lang.String, java.lang.String, java.lang.String)[pri:0, instance:com.unicel.testCases.HybridExecuteTest@16daece7]" name="testCasesExe" duration-ms="5746" started-at="2014-11-07T13:53:45Z" data-provider="hybridData" finished-at="2014-11-07T13:53:51Z">
          <params>
            <param index="0">
              <value>
                <![CDATA[Go to url ]]>
              </value>
            </param>
            <param index="1">
              <value>
                <![CDATA[GOTOURL]]>
              </value>
            </param>
            <param index="2">
              <value>
                <![CDATA[]]>
              </value>
            </param>
            <param index="3">
              <value>
                <![CDATA[]]>
              </value>
            </param>
            <param index="4">
              <value>
                <![CDATA[https://www.unicel.in/lounge/sign_in.php]]>
              </value>
            </param>
            <param index="5">
              <value>
                <![CDATA[Y]]>
              </value>
            </param>
          </params>
          <reporter-output>
          </reporter-output>
        </test-method> <!-- testCasesExe -->
        <test-method status="PASS" signature="testCasesExe(java.lang.String, java.lang.String, java.lang.String, java.lang.String, java.lang.String, java.lang.String)[pri:0, instance:com.unicel.testCases.HybridExecuteTest@16daece7]" name="testCasesExe" duration-ms="271" started-at="2014-11-07T13:53:51Z" data-provider="hybridData" finished-at="2014-11-07T13:53:51Z">
          <params>
            <param index="0">
              <value>
                <![CDATA[Enter User name ]]>
              </value>
            </param>
            <param index="1">
              <value>
                <![CDATA[SETTEXT]]>
              </value>
            </param>
            <param index="2">
              <value>
                <![CDATA[UN]]>
              </value>
            </param>
            <param index="3">
              <value>
                <![CDATA[XPATH]]>
              </value>
            </param>
            <param index="4">
              <value>
                <![CDATA[L1team]]>
              </value>
            </param>
            <param index="5">
              <value>
                <![CDATA[Y]]>
              </value>
            </param>
          </params>
          <reporter-output>
          </reporter-output>
        </test-method> <!-- testCasesExe -->
        <test-method status="PASS" signature="testCasesExe(java.lang.String, java.lang.String, java.lang.String, java.lang.String, java.lang.String, java.lang.String)[pri:0, instance:com.unicel.testCases.HybridExecuteTest@16daece7]" name="testCasesExe" duration-ms="296" started-at="2014-11-07T13:53:51Z" data-provider="hybridData" finished-at="2014-11-07T13:53:52Z">
          <params>
            <param index="0">
              <value>
                <![CDATA[Enter Password]]>
              </value>
            </param>
            <param index="1">
              <value>
                <![CDATA[SETTEXT]]>
              </value>
            </param>
            <param index="2">
              <value>
                <![CDATA[PASS]]>
              </value>
            </param>
            <param index="3">
              <value>
                <![CDATA[XPATH]]>
              </value>
            </param>
            <param index="4">
              <value>
                <![CDATA[L1team]]>
              </value>
            </param>
            <param index="5">
              <value>
                <![CDATA[Y]]>
              </value>
            </param>
          </params>
          <reporter-output>
          </reporter-output>
        </test-method> <!-- testCasesExe -->
        <test-method status="PASS" signature="testCasesExe(java.lang.String, java.lang.String, java.lang.String, java.lang.String, java.lang.String, java.lang.String)[pri:0, instance:com.unicel.testCases.HybridExecuteTest@16daece7]" name="testCasesExe" duration-ms="227" started-at="2014-11-07T13:53:52Z" data-provider="hybridData" finished-at="2014-11-07T13:53:52Z">
          <params>
            <param index="0">
              <value>
                <![CDATA[Waiting for 20sec]]>
              </value>
            </param>
            <param index="1">
              <value>
                <![CDATA[CLICK]]>
              </value>
            </param>
            <param index="2">
              <value>
                <![CDATA[LOIN]]>
              </value>
            </param>
            <param index="3">
              <value>
                <![CDATA[XPATH]]>
              </value>
            </param>
            <param index="4">
              <value>
                <![CDATA[]]>
              </value>
            </param>
            <param index="5">
              <value>
                <![CDATA[Y]]>
              </value>
            </param>
          </params>
          <reporter-output>
          </reporter-output>
        </test-method> <!-- testCasesExe -->
        <test-method status="PASS" signature="testCasesExe(java.lang.String, java.lang.String, java.lang.String, java.lang.String, java.lang.String, java.lang.String)[pri:0, instance:com.unicel.testCases.HybridExecuteTest@16daece7]" name="testCasesExe" duration-ms="94" started-at="2014-11-07T13:53:52Z" data-provider="hybridData" finished-at="2014-11-07T13:53:52Z">
          <params>
            <param index="0">
              <value>
                <![CDATA[Click the login button ]]>
              </value>
            </param>
            <param index="1">
              <value>
                <![CDATA[WAIT]]>
              </value>
            </param>
            <param index="2">
              <value>
                <![CDATA[]]>
              </value>
            </param>
            <param index="3">
              <value>
                <![CDATA[]]>
              </value>
            </param>
            <param index="4">
              <value>
                <![CDATA[]]>
              </value>
            </param>
            <param index="5">
              <value>
                <![CDATA[Y]]>
              </value>
            </param>
          </params>
          <reporter-output>
          </reporter-output>
        </test-method> <!-- testCasesExe -->
        <test-method status="PASS" signature="testCasesExe(java.lang.String, java.lang.String, java.lang.String, java.lang.String, java.lang.String, java.lang.String)[pri:0, instance:com.unicel.testCases.HybridExecuteTest@16daece7]" name="testCasesExe" duration-ms="50" started-at="2014-11-07T13:53:52Z" data-provider="hybridData" finished-at="2014-11-07T13:53:52Z">
          <params>
            <param index="0">
              <value>
                <![CDATA[Edit Provisioning Account In ERP]]>
              </value>
            </param>
            <param index="1">
              <value>
                <![CDATA[]]>
              </value>
            </param>
            <param index="2">
              <value>
                <![CDATA[]]>
              </value>
            </param>
            <param index="3">
              <value>
                <![CDATA[]]>
              </value>
            </param>
            <param index="4">
              <value>
                <![CDATA[]]>
              </value>
            </param>
            <param index="5">
              <value>
                <![CDATA[Y]]>
              </value>
            </param>
          </params>
          <reporter-output>
          </reporter-output>
        </test-method> <!-- testCasesExe -->
        <test-method status="PASS" signature="testCasesExe(java.lang.String, java.lang.String, java.lang.String, java.lang.String, java.lang.String, java.lang.String)[pri:0, instance:com.unicel.testCases.HybridExecuteTest@16daece7]" name="testCasesExe" duration-ms="532" started-at="2014-11-07T13:53:52Z" data-provider="hybridData" finished-at="2014-11-07T13:53:53Z">
          <params>
            <param index="0">
              <value>
                <![CDATA[]]>
              </value>
            </param>
            <param index="1">
              <value>
                <![CDATA[GOTOURL]]>
              </value>
            </param>
            <param index="2">
              <value>
                <![CDATA[]]>
              </value>
            </param>
            <param index="3">
              <value>
                <![CDATA[]]>
              </value>
            </param>
            <param index="4">
              <value>
                <![CDATA[https://staging.unicel.in/erp/]]>
              </value>
            </param>
            <param index="5">
              <value>
                <![CDATA[Y]]>
              </value>
            </param>
          </params>
          <reporter-output>
          </reporter-output>
        </test-method> <!-- testCasesExe -->
        <test-method status="PASS" signature="testCasesExe(java.lang.String, java.lang.String, java.lang.String, java.lang.String, java.lang.String, java.lang.String)[pri:0, instance:com.unicel.testCases.HybridExecuteTest@16daece7]" name="testCasesExe" duration-ms="164" started-at="2014-11-07T13:53:53Z" data-provider="hybridData" finished-at="2014-11-07T13:53:53Z">
          <params>
            <param index="0">
              <value>
                <![CDATA[]]>
              </value>
            </param>
            <param index="1">
              <value>
                <![CDATA[SETTEXT]]>
              </value>
            </param>
            <param index="2">
              <value>
                <![CDATA[username]]>
              </value>
            </param>
            <param index="3">
              <value>
                <![CDATA[XPATH]]>
              </value>
            </param>
            <param index="4">
              <value>
                <![CDATA[136]]>
              </value>
            </param>
            <param index="5">
              <value>
                <![CDATA[Y]]>
              </value>
            </param>
          </params>
          <reporter-output>
          </reporter-output>
        </test-method> <!-- testCasesExe -->
        <test-method status="PASS" signature="testCasesExe(java.lang.String, java.lang.String, java.lang.String, java.lang.String, java.lang.String, java.lang.String)[pri:0, instance:com.unicel.testCases.HybridExecuteTest@16daece7]" name="testCasesExe" duration-ms="165" started-at="2014-11-07T13:53:53Z" data-provider="hybridData" finished-at="2014-11-07T13:53:53Z">
          <params>
            <param index="0">
              <value>
                <![CDATA[]]>
              </value>
            </param>
            <param index="1">
              <value>
                <![CDATA[SETTEXT]]>
              </value>
            </param>
            <param index="2">
              <value>
                <![CDATA[password]]>
              </value>
            </param>
            <param index="3">
              <value>
                <![CDATA[XPATH]]>
              </value>
            </param>
            <param index="4">
              <value>
                <![CDATA[erp]]>
              </value>
            </param>
            <param index="5">
              <value>
                <![CDATA[Y]]>
              </value>
            </param>
          </params>
          <reporter-output>
          </reporter-output>
        </test-method> <!-- testCasesExe -->
        <test-method status="PASS" signature="testCasesExe(java.lang.String, java.lang.String, java.lang.String, java.lang.String, java.lang.String, java.lang.String)[pri:0, instance:com.unicel.testCases.HybridExecuteTest@16daece7]" name="testCasesExe" duration-ms="276" started-at="2014-11-07T13:53:53Z" data-provider="hybridData" finished-at="2014-11-07T13:53:53Z">
          <params>
            <param index="0">
              <value>
                <![CDATA[]]>
              </value>
            </param>
            <param index="1">
              <value>
                <![CDATA[CLICK]]>
              </value>
            </param>
            <param index="2">
              <value>
                <![CDATA[loginButton]]>
              </value>
            </param>
            <param index="3">
              <value>
                <![CDATA[XPATH]]>
              </value>
            </param>
            <param index="4">
              <value>
                <![CDATA[]]>
              </value>
            </param>
            <param index="5">
              <value>
                <![CDATA[Y]]>
              </value>
            </param>
          </params>
          <reporter-output>
          </reporter-output>
        </test-method> <!-- testCasesExe -->
        <test-method status="PASS" signature="testCasesExe(java.lang.String, java.lang.String, java.lang.String, java.lang.String, java.lang.String, java.lang.String)[pri:0, instance:com.unicel.testCases.HybridExecuteTest@16daece7]" name="testCasesExe" duration-ms="1612" started-at="2014-11-07T13:53:53Z" data-provider="hybridData" finished-at="2014-11-07T13:53:55Z">
          <params>
            <param index="0">
              <value>
                <![CDATA[]]>
              </value>
            </param>
            <param index="1">
              <value>
                <![CDATA[CLICK]]>
              </value>
            </param>
            <param index="2">
              <value>
                <![CDATA[Cust_mgmt]]>
              </value>
            </param>
            <param index="3">
              <value>
                <![CDATA[XPATH]]>
              </value>
            </param>
            <param index="4">
              <value>
                <![CDATA[]]>
              </value>
            </param>
            <param index="5">
              <value>
                <![CDATA[Y]]>
              </value>
            </param>
          </params>
          <reporter-output>
          </reporter-output>
        </test-method> <!-- testCasesExe -->
        <test-method status="PASS" signature="testCasesExe(java.lang.String, java.lang.String, java.lang.String, java.lang.String, java.lang.String, java.lang.String)[pri:0, instance:com.unicel.testCases.HybridExecuteTest@16daece7]" name="testCasesExe" duration-ms="8640" started-at="2014-11-07T13:53:55Z" data-provider="hybridData" finished-at="2014-11-07T13:54:03Z">
          <params>
            <param index="0">
              <value>
                <![CDATA[]]>
              </value>
            </param>
            <param index="1">
              <value>
                <![CDATA[SETTEXT]]>
              </value>
            </param>
            <param index="2">
              <value>
                <![CDATA[CUST_MGMT_SEARCH_BOX]]>
              </value>
            </param>
            <param index="3">
              <value>
                <![CDATA[XPATH]]>
              </value>
            </param>
            <param index="4">
              <value>
                <![CDATA[OCTEIG OCTEIG]]>
              </value>
            </param>
            <param index="5">
              <value>
                <![CDATA[Y]]>
              </value>
            </param>
          </params>
          <reporter-output>
          </reporter-output>
        </test-method> <!-- testCasesExe -->
        <test-method status="PASS" signature="testCasesExe(java.lang.String, java.lang.String, java.lang.String, java.lang.String, java.lang.String, java.lang.String)[pri:0, instance:com.unicel.testCases.HybridExecuteTest@16daece7]" name="testCasesExe" duration-ms="335" started-at="2014-11-07T13:54:03Z" data-provider="hybridData" finished-at="2014-11-07T13:54:04Z">
          <params>
            <param index="0">
              <value>
                <![CDATA[]]>
              </value>
            </param>
            <param index="1">
              <value>
                <![CDATA[CLICK]]>
              </value>
            </param>
            <param index="2">
              <value>
                <![CDATA[CHOOSE_ACCOUNT_PROV]]>
              </value>
            </param>
            <param index="3">
              <value>
                <![CDATA[XPATH]]>
              </value>
            </param>
            <param index="4">
              <value>
                <![CDATA[]]>
              </value>
            </param>
            <param index="5">
              <value>
                <![CDATA[Y]]>
              </value>
            </param>
          </params>
          <reporter-output>
          </reporter-output>
        </test-method> <!-- testCasesExe -->
        <test-method status="PASS" signature="testCasesExe(java.lang.String, java.lang.String, java.lang.String, java.lang.String, java.lang.String, java.lang.String)[pri:0, instance:com.unicel.testCases.HybridExecuteTest@16daece7]" name="testCasesExe" duration-ms="2941" started-at="2014-11-07T13:54:04Z" data-provider="hybridData" finished-at="2014-11-07T13:54:07Z">
          <params>
            <param index="0">
              <value>
                <![CDATA[]]>
              </value>
            </param>
            <param index="1">
              <value>
                <![CDATA[CLICK]]>
              </value>
            </param>
            <param index="2">
              <value>
                <![CDATA[CHOOSE_EDIT_ACC]]>
              </value>
            </param>
            <param index="3">
              <value>
                <![CDATA[XPATH]]>
              </value>
            </param>
            <param index="4">
              <value>
                <![CDATA[]]>
              </value>
            </param>
            <param index="5">
              <value>
                <![CDATA[Y]]>
              </value>
            </param>
          </params>
          <reporter-output>
          </reporter-output>
        </test-method> <!-- testCasesExe -->
        <test-method status="PASS" signature="testCasesExe(java.lang.String, java.lang.String, java.lang.String, java.lang.String, java.lang.String, java.lang.String)[pri:0, instance:com.unicel.testCases.HybridExecuteTest@16daece7]" name="testCasesExe" duration-ms="2625" started-at="2014-11-07T13:54:07Z" data-provider="hybridData" finished-at="2014-11-07T13:54:09Z">
          <params>
            <param index="0">
              <value>
                <![CDATA[]]>
              </value>
            </param>
            <param index="1">
              <value>
                <![CDATA[CLEAR]]>
              </value>
            </param>
            <param index="2">
              <value>
                <![CDATA[CH_COMPANY]]>
              </value>
            </param>
            <param index="3">
              <value>
                <![CDATA[XPATH]]>
              </value>
            </param>
            <param index="4">
              <value>
                <![CDATA[]]>
              </value>
            </param>
            <param index="5">
              <value>
                <![CDATA[Y]]>
              </value>
            </param>
          </params>
          <reporter-output>
          </reporter-output>
        </test-method> <!-- testCasesExe -->
        <test-method status="PASS" signature="testCasesExe(java.lang.String, java.lang.String, java.lang.String, java.lang.String, java.lang.String, java.lang.String)[pri:0, instance:com.unicel.testCases.HybridExecuteTest@16daece7]" name="testCasesExe" duration-ms="428" started-at="2014-11-07T13:54:09Z" data-provider="hybridData" finished-at="2014-11-07T13:54:10Z">
          <params>
            <param index="0">
              <value>
                <![CDATA[]]>
              </value>
            </param>
            <param index="1">
              <value>
                <![CDATA[SETTEXT]]>
              </value>
            </param>
            <param index="2">
              <value>
                <![CDATA[CH_COMPANY]]>
              </value>
            </param>
            <param index="3">
              <value>
                <![CDATA[XPATH]]>
              </value>
            </param>
            <param index="4">
              <value>
                <![CDATA[Test Technologies ]]>
              </value>
            </param>
            <param index="5">
              <value>
                <![CDATA[Y]]>
              </value>
            </param>
          </params>
          <reporter-output>
          </reporter-output>
        </test-method> <!-- testCasesExe -->
        <test-method status="PASS" signature="testCasesExe(java.lang.String, java.lang.String, java.lang.String, java.lang.String, java.lang.String, java.lang.String)[pri:0, instance:com.unicel.testCases.HybridExecuteTest@16daece7]" name="testCasesExe" duration-ms="312" started-at="2014-11-07T13:54:10Z" data-provider="hybridData" finished-at="2014-11-07T13:54:10Z">
          <params>
            <param index="0">
              <value>
                <![CDATA[]]>
              </value>
            </param>
            <param index="1">
              <value>
                <![CDATA[CLICK]]>
              </value>
            </param>
            <param index="2">
              <value>
                <![CDATA[CHOOSE_CONTACT_INFO]]>
              </value>
            </param>
            <param index="3">
              <value>
                <![CDATA[XPATH]]>
              </value>
            </param>
            <param index="4">
              <value>
                <![CDATA[]]>
              </value>
            </param>
            <param index="5">
              <value>
                <![CDATA[Y]]>
              </value>
            </param>
          </params>
          <reporter-output>
          </reporter-output>
        </test-method> <!-- testCasesExe -->
        <test-method status="PASS" signature="testCasesExe(java.lang.String, java.lang.String, java.lang.String, java.lang.String, java.lang.String, java.lang.String)[pri:0, instance:com.unicel.testCases.HybridExecuteTest@16daece7]" name="testCasesExe" duration-ms="238" started-at="2014-11-07T13:54:10Z" data-provider="hybridData" finished-at="2014-11-07T13:54:10Z">
          <params>
            <param index="0">
              <value>
                <![CDATA[]]>
              </value>
            </param>
            <param index="1">
              <value>
                <![CDATA[CLEAR]]>
              </value>
            </param>
            <param index="2">
              <value>
                <![CDATA[CHANGE_BUSS_CON]]>
              </value>
            </param>
            <param index="3">
              <value>
                <![CDATA[XPATH]]>
              </value>
            </param>
            <param index="4">
              <value>
                <![CDATA[]]>
              </value>
            </param>
            <param index="5">
              <value>
                <![CDATA[Y]]>
              </value>
            </param>
          </params>
          <reporter-output>
          </reporter-output>
        </test-method> <!-- testCasesExe -->
        <test-method status="PASS" signature="testCasesExe(java.lang.String, java.lang.String, java.lang.String, java.lang.String, java.lang.String, java.lang.String)[pri:0, instance:com.unicel.testCases.HybridExecuteTest@16daece7]" name="testCasesExe" duration-ms="497" started-at="2014-11-07T13:54:10Z" data-provider="hybridData" finished-at="2014-11-07T13:54:11Z">
          <params>
            <param index="0">
              <value>
                <![CDATA[]]>
              </value>
            </param>
            <param index="1">
              <value>
                <![CDATA[SETTEXT]]>
              </value>
            </param>
            <param index="2">
              <value>
                <![CDATA[CHANGE_BUSS_CON]]>
              </value>
            </param>
            <param index="3">
              <value>
                <![CDATA[XPATH]]>
              </value>
            </param>
            <param index="4">
              <value>
                <![CDATA[Test Technologies ]]>
              </value>
            </param>
            <param index="5">
              <value>
                <![CDATA[Y]]>
              </value>
            </param>
          </params>
          <reporter-output>
          </reporter-output>
        </test-method> <!-- testCasesExe -->
        <test-method status="PASS" signature="testCasesExe(java.lang.String, java.lang.String, java.lang.String, java.lang.String, java.lang.String, java.lang.String)[pri:0, instance:com.unicel.testCases.HybridExecuteTest@16daece7]" name="testCasesExe" duration-ms="239" started-at="2014-11-07T13:54:11Z" data-provider="hybridData" finished-at="2014-11-07T13:54:11Z">
          <params>
            <param index="0">
              <value>
                <![CDATA[]]>
              </value>
            </param>
            <param index="1">
              <value>
                <![CDATA[CLICK]]>
              </value>
            </param>
            <param index="2">
              <value>
                <![CDATA[TECH_CON_SAMEASABOVE]]>
              </value>
            </param>
            <param index="3">
              <value>
                <![CDATA[XPATH]]>
              </value>
            </param>
            <param index="4">
              <value>
                <![CDATA[]]>
              </value>
            </param>
            <param index="5">
              <value>
                <![CDATA[Y]]>
              </value>
            </param>
          </params>
          <reporter-output>
          </reporter-output>
        </test-method> <!-- testCasesExe -->
        <test-method status="PASS" signature="testCasesExe(java.lang.String, java.lang.String, java.lang.String, java.lang.String, java.lang.String, java.lang.String)[pri:0, instance:com.unicel.testCases.HybridExecuteTest@16daece7]" name="testCasesExe" duration-ms="235" started-at="2014-11-07T13:54:11Z" data-provider="hybridData" finished-at="2014-11-07T13:54:11Z">
          <params>
            <param index="0">
              <value>
                <![CDATA[]]>
              </value>
            </param>
            <param index="1">
              <value>
                <![CDATA[CLICK]]>
              </value>
            </param>
            <param index="2">
              <value>
                <![CDATA[BILLING_CON_SAMEASABOVE]]>
              </value>
            </param>
            <param index="3">
              <value>
                <![CDATA[XPATH]]>
              </value>
            </param>
            <param index="4">
              <value>
                <![CDATA[]]>
              </value>
            </param>
            <param index="5">
              <value>
                <![CDATA[Y]]>
              </value>
            </param>
          </params>
          <reporter-output>
          </reporter-output>
        </test-method> <!-- testCasesExe -->
        <test-method status="PASS" signature="testCasesExe(java.lang.String, java.lang.String, java.lang.String, java.lang.String, java.lang.String, java.lang.String)[pri:0, instance:com.unicel.testCases.HybridExecuteTest@16daece7]" name="testCasesExe" duration-ms="114" started-at="2014-11-07T13:54:11Z" data-provider="hybridData" finished-at="2014-11-07T13:54:11Z">
          <params>
            <param index="0">
              <value>
                <![CDATA[]]>
              </value>
            </param>
            <param index="1">
              <value>
                <![CDATA[CLEAR]]>
              </value>
            </param>
            <param index="2">
              <value>
                <![CDATA[ALTERNATE_EID]]>
              </value>
            </param>
            <param index="3">
              <value>
                <![CDATA[XPATH]]>
              </value>
            </param>
            <param index="4">
              <value>
                <![CDATA[]]>
              </value>
            </param>
            <param index="5">
              <value>
                <![CDATA[Y]]>
              </value>
            </param>
          </params>
          <reporter-output>
          </reporter-output>
        </test-method> <!-- testCasesExe -->
        <test-method status="PASS" signature="testCasesExe(java.lang.String, java.lang.String, java.lang.String, java.lang.String, java.lang.String, java.lang.String)[pri:0, instance:com.unicel.testCases.HybridExecuteTest@16daece7]" name="testCasesExe" duration-ms="323" started-at="2014-11-07T13:54:11Z" data-provider="hybridData" finished-at="2014-11-07T13:54:12Z">
          <params>
            <param index="0">
              <value>
                <![CDATA[]]>
              </value>
            </param>
            <param index="1">
              <value>
                <![CDATA[SETTEXT]]>
              </value>
            </param>
            <param index="2">
              <value>
                <![CDATA[ALTERNATE_EID]]>
              </value>
            </param>
            <param index="3">
              <value>
                <![CDATA[XPATH]]>
              </value>
            </param>
            <param index="4">
              <value>
                <![CDATA[abc@gmail.com]]>
              </value>
            </param>
            <param index="5">
              <value>
                <![CDATA[Y]]>
              </value>
            </param>
          </params>
          <reporter-output>
          </reporter-output>
        </test-method> <!-- testCasesExe -->
        <test-method status="PASS" signature="testCasesExe(java.lang.String, java.lang.String, java.lang.String, java.lang.String, java.lang.String, java.lang.String)[pri:0, instance:com.unicel.testCases.HybridExecuteTest@16daece7]" name="testCasesExe" duration-ms="542" started-at="2014-11-07T13:54:12Z" data-provider="hybridData" finished-at="2014-11-07T13:54:12Z">
          <params>
            <param index="0">
              <value>
                <![CDATA[]]>
              </value>
            </param>
            <param index="1">
              <value>
                <![CDATA[CLICK]]>
              </value>
            </param>
            <param index="2">
              <value>
                <![CDATA[ACCOUNT_SETTING_PROV]]>
              </value>
            </param>
            <param index="3">
              <value>
                <![CDATA[XPATH]]>
              </value>
            </param>
            <param index="4">
              <value>
                <![CDATA[]]>
              </value>
            </param>
            <param index="5">
              <value>
                <![CDATA[Y]]>
              </value>
            </param>
          </params>
          <reporter-output>
          </reporter-output>
        </test-method> <!-- testCasesExe -->
        <test-method status="PASS" signature="testCasesExe(java.lang.String, java.lang.String, java.lang.String, java.lang.String, java.lang.String, java.lang.String)[pri:0, instance:com.unicel.testCases.HybridExecuteTest@16daece7]" name="testCasesExe" duration-ms="265" started-at="2014-11-07T13:54:12Z" data-provider="hybridData" finished-at="2014-11-07T13:54:13Z">
          <params>
            <param index="0">
              <value>
                <![CDATA[]]>
              </value>
            </param>
            <param index="1">
              <value>
                <![CDATA[CLICK]]>
              </value>
            </param>
            <param index="2">
              <value>
                <![CDATA[PROVIDE_INTRIM_REPORTS_PROV]]>
              </value>
            </param>
            <param index="3">
              <value>
                <![CDATA[XPATH]]>
              </value>
            </param>
            <param index="4">
              <value>
                <![CDATA[]]>
              </value>
            </param>
            <param index="5">
              <value>
                <![CDATA[Y]]>
              </value>
            </param>
          </params>
          <reporter-output>
          </reporter-output>
        </test-method> <!-- testCasesExe -->
        <test-method status="PASS" signature="testCasesExe(java.lang.String, java.lang.String, java.lang.String, java.lang.String, java.lang.String, java.lang.String)[pri:0, instance:com.unicel.testCases.HybridExecuteTest@16daece7]" name="testCasesExe" duration-ms="235" started-at="2014-11-07T13:54:13Z" data-provider="hybridData" finished-at="2014-11-07T13:54:13Z">
          <params>
            <param index="0">
              <value>
                <![CDATA[]]>
              </value>
            </param>
            <param index="1">
              <value>
                <![CDATA[CLICK]]>
              </value>
            </param>
            <param index="2">
              <value>
                <![CDATA[CLIP_APPROVAL_PROVISIONING]]>
              </value>
            </param>
            <param index="3">
              <value>
                <![CDATA[XPATH]]>
              </value>
            </param>
            <param index="4">
              <value>
                <![CDATA[]]>
              </value>
            </param>
            <param index="5">
              <value>
                <![CDATA[Y]]>
              </value>
            </param>
          </params>
          <reporter-output>
          </reporter-output>
        </test-method> <!-- testCasesExe -->
        <test-method status="PASS" signature="testCasesExe(java.lang.String, java.lang.String, java.lang.String, java.lang.String, java.lang.String, java.lang.String)[pri:0, instance:com.unicel.testCases.HybridExecuteTest@16daece7]" name="testCasesExe" duration-ms="403" started-at="2014-11-07T13:54:13Z" data-provider="hybridData" finished-at="2014-11-07T13:54:13Z">
          <params>
            <param index="0">
              <value>
                <![CDATA[]]>
              </value>
            </param>
            <param index="1">
              <value>
                <![CDATA[CLICK]]>
              </value>
            </param>
            <param index="2">
              <value>
                <![CDATA[CH_COMMENT_PROV]]>
              </value>
            </param>
            <param index="3">
              <value>
                <![CDATA[XPATH]]>
              </value>
            </param>
            <param index="4">
              <value>
                <![CDATA[]]>
              </value>
            </param>
            <param index="5">
              <value>
                <![CDATA[Y]]>
              </value>
            </param>
          </params>
          <reporter-output>
          </reporter-output>
        </test-method> <!-- testCasesExe -->
        <test-method status="PASS" signature="testCasesExe(java.lang.String, java.lang.String, java.lang.String, java.lang.String, java.lang.String, java.lang.String)[pri:0, instance:com.unicel.testCases.HybridExecuteTest@16daece7]" name="testCasesExe" duration-ms="206" started-at="2014-11-07T13:54:13Z" data-provider="hybridData" finished-at="2014-11-07T13:54:13Z">
          <params>
            <param index="0">
              <value>
                <![CDATA[]]>
              </value>
            </param>
            <param index="1">
              <value>
                <![CDATA[CLEAR]]>
              </value>
            </param>
            <param index="2">
              <value>
                <![CDATA[POST_REMARKS]]>
              </value>
            </param>
            <param index="3">
              <value>
                <![CDATA[XPATH]]>
              </value>
            </param>
            <param index="4">
              <value>
                <![CDATA[]]>
              </value>
            </param>
            <param index="5">
              <value>
                <![CDATA[Y]]>
              </value>
            </param>
          </params>
          <reporter-output>
          </reporter-output>
        </test-method> <!-- testCasesExe -->
        <test-method status="PASS" signature="testCasesExe(java.lang.String, java.lang.String, java.lang.String, java.lang.String, java.lang.String, java.lang.String)[pri:0, instance:com.unicel.testCases.HybridExecuteTest@16daece7]" name="testCasesExe" duration-ms="531" started-at="2014-11-07T13:54:13Z" data-provider="hybridData" finished-at="2014-11-07T13:54:14Z">
          <params>
            <param index="0">
              <value>
                <![CDATA[]]>
              </value>
            </param>
            <param index="1">
              <value>
                <![CDATA[SETTEXT]]>
              </value>
            </param>
            <param index="2">
              <value>
                <![CDATA[POST_REMARKS]]>
              </value>
            </param>
            <param index="3">
              <value>
                <![CDATA[XPATH]]>
              </value>
            </param>
            <param index="4">
              <value>
                <![CDATA[This is post remark after editing the account]]>
              </value>
            </param>
            <param index="5">
              <value>
                <![CDATA[Y]]>
              </value>
            </param>
          </params>
          <reporter-output>
          </reporter-output>
        </test-method> <!-- testCasesExe -->
        <test-method status="PASS" signature="testCasesExe(java.lang.String, java.lang.String, java.lang.String, java.lang.String, java.lang.String, java.lang.String)[pri:0, instance:com.unicel.testCases.HybridExecuteTest@16daece7]" name="testCasesExe" duration-ms="435" started-at="2014-11-07T13:54:14Z" data-provider="hybridData" finished-at="2014-11-07T13:54:14Z">
          <params>
            <param index="0">
              <value>
                <![CDATA[]]>
              </value>
            </param>
            <param index="1">
              <value>
                <![CDATA[CLICK]]>
              </value>
            </param>
            <param index="2">
              <value>
                <![CDATA[EDIT_SAVE]]>
              </value>
            </param>
            <param index="3">
              <value>
                <![CDATA[XPATH]]>
              </value>
            </param>
            <param index="4">
              <value>
                <![CDATA[]]>
              </value>
            </param>
            <param index="5">
              <value>
                <![CDATA[Y]]>
              </value>
            </param>
          </params>
          <reporter-output>
          </reporter-output>
        </test-method> <!-- testCasesExe -->
        <test-method status="FAIL" signature="testCasesExe(java.lang.String, java.lang.String, java.lang.String, java.lang.String, java.lang.String, java.lang.String)[pri:0, instance:com.unicel.testCases.HybridExecuteTest@16daece7]" name="testCasesExe" duration-ms="173" started-at="2014-11-07T13:54:14Z" data-provider="hybridData" finished-at="2014-11-07T13:54:15Z">
          <params>
            <param index="0">
              <value>
                <![CDATA[]]>
              </value>
            </param>
            <param index="1">
              <value>
                <![CDATA[WAIT]]>
              </value>
            </param>
            <param index="2">
              <value>
                <![CDATA[]]>
              </value>
            </param>
            <param index="3">
              <value>
                <![CDATA[]]>
              </value>
            </param>
            <param index="4">
              <value>
                <![CDATA[]]>
              </value>
            </param>
            <param index="5">
              <value>
                <![CDATA[Y]]>
              </value>
            </param>
          </params>
          <exception class="org.openqa.selenium.UnhandledAlertException">
            <message>
              <![CDATA[Modal dialog present: actone:1acttwo:1actthree:1actfour:1
Build info: version: '2.41.0', revision: '3192d8a', time: '2014-03-27 17:18:15'
System info: host: 'Java-Lpt-Vishal', ip: '193.168.2.100', os.name: 'Windows 7', os.arch: 'amd64', os.version: '6.1', java.version: '1.7.0_60'
Session ID: 1914c7d1-f4dc-4ac7-9caa-c0018458663e
Driver info: org.openqa.selenium.firefox.FirefoxDriver
Capabilities [{platform=XP, acceptSslCerts=true, javascriptEnabled=true, cssSelectorsEnabled=true, databaseEnabled=true, browserName=firefox, handlesAlerts=true, browserConnectionEnabled=true, webStorageEnabled=true, nativeEvents=true, rotatable=false, locationContextEnabled=true, applicationCacheEnabled=true, takesScreenshot=true, version=28.0}]]]>
            </message>
            <full-stacktrace>
              <![CDATA[org.openqa.selenium.UnhandledAlertException: Modal dialog present: actone:1acttwo:1actthree:1actfour:1
Build info: version: '2.41.0', revision: '3192d8a', time: '2014-03-27 17:18:15'
System info: host: 'Java-Lpt-Vishal', ip: '193.168.2.100', os.name: 'Windows 7', os.arch: 'amd64', os.version: '6.1', java.version: '1.7.0_60'
Session ID: 1914c7d1-f4dc-4ac7-9caa-c0018458663e
Driver info: org.openqa.selenium.firefox.FirefoxDriver
Capabilities [{platform=XP, acceptSslCerts=true, javascriptEnabled=true, cssSelectorsEnabled=true, databaseEnabled=true, browserName=firefox, handlesAlerts=true, browserConnectionEnabled=true, webStorageEnabled=true, nativeEvents=true, rotatable=false, locationContextEnabled=true, applicationCacheEnabled=true, takesScreenshot=true, version=28.0}]
	at sun.reflect.NativeConstructorAccessorImpl.newInstance0(Native Method)
	at sun.reflect.NativeConstructorAccessorImpl.newInstance(NativeConstructorAccessorImpl.java:57)
	at sun.reflect.DelegatingConstructorAccessorImpl.newInstance(DelegatingConstructorAccessorImpl.java:45)
	at java.lang.reflect.Constructor.newInstance(Constructor.java:526)
	at org.openqa.selenium.remote.ErrorHandler.createThrowable(ErrorHandler.java:193)
	at org.openqa.selenium.remote.ErrorHandler.createUnhandledAlertException(ErrorHandler.java:174)
	at org.openqa.selenium.remote.ErrorHandler.throwIfResponseFailed(ErrorHandler.java:141)
	at org.openqa.selenium.remote.RemoteWebDriver.execute(RemoteWebDriver.java:595)
	at org.openqa.selenium.firefox.FirefoxDriver.access$0(FirefoxDriver.java:1)
	at org.openqa.selenium.firefox.FirefoxDriver$1$1.implicitlyWait(FirefoxDriver.java:219)
	at com.unicel.testCases.HybridExecuteTest.testCasesExe(HybridExecuteTest.java:55)
	at sun.reflect.GeneratedMethodAccessor9.invoke(Unknown Source)
	at sun.reflect.DelegatingMethodAccessorImpl.invoke(DelegatingMethodAccessorImpl.java:43)
	at java.lang.reflect.Method.invoke(Method.java:606)
	at org.testng.internal.MethodInvocationHelper.invokeMethod(MethodInvocationHelper.java:84)
	at org.testng.internal.Invoker.invokeMethod(Invoker.java:714)
	at org.testng.internal.Invoker.invokeTestMethod(Invoker.java:901)
	at org.testng.internal.Invoker.invokeTestMethods(Invoker.java:1231)
	at org.testng.internal.TestMethodWorker.invokeTestMethods(TestMethodWorker.java:127)
	at org.testng.internal.TestMethodWorker.run(TestMethodWorker.java:111)
	at org.testng.TestRunner.privateRun(TestRunner.java:767)
	at org.testng.TestRunner.run(TestRunner.java:617)
	at org.testng.SuiteRunner.runTest(SuiteRunner.java:334)
	at org.testng.SuiteRunner.runSequentially(SuiteRunner.java:329)
	at org.testng.SuiteRunner.privateRun(SuiteRunner.java:291)
	at org.testng.SuiteRunner.run(SuiteRunner.java:240)
	at org.testng.SuiteRunnerWorker.runSuite(SuiteRunnerWorker.java:52)
	at org.testng.SuiteRunnerWorker.run(SuiteRunnerWorker.java:86)
	at org.testng.TestNG.runSuitesSequentially(TestNG.java:1224)
	at org.testng.TestNG.runSuitesLocally(TestNG.java:1149)
	at org.testng.TestNG.run(TestNG.java:1057)
	at org.testng.remote.RemoteTestNG.run(RemoteTestNG.java:111)
	at org.testng.remote.RemoteTestNG.initAndRun(RemoteTestNG.java:204)
	at org.testng.remote.RemoteTestNG.main(RemoteTestNG.java:175)
]]>
            </full-stacktrace>
          </exception> <!-- org.openqa.selenium.UnhandledAlertException -->
          <reporter-output>
          </reporter-output>
        </test-method> <!-- testCasesExe -->
        <test-method status="FAIL" signature="testPDFReportThree()[pri:0, instance:com.unicel.testCases.HybridExecuteTest@16daece7]" name="testPDFReportThree" duration-ms="8971" started-at="2014-11-07T13:54:16Z" finished-at="2014-11-07T13:54:25Z">
          <exception class="java.lang.AssertionError">
            <message>
              <![CDATA[expected [true] but found [false]]]>
            </message>
            <full-stacktrace>
              <![CDATA[java.lang.AssertionError: expected [true] but found [false]
	at org.testng.Assert.fail(Assert.java:94)
	at org.testng.Assert.failNotEquals(Assert.java:494)
	at org.testng.Assert.assertTrue(Assert.java:42)
	at org.testng.Assert.assertTrue(Assert.java:52)
	at com.unicel.testCases.HybridExecuteTest.testPDFReportThree(HybridExecuteTest.java:85)
	at sun.reflect.NativeMethodAccessorImpl.invoke0(Native Method)
	at sun.reflect.NativeMethodAccessorImpl.invoke(NativeMethodAccessorImpl.java:57)
	at sun.reflect.DelegatingMethodAccessorImpl.invoke(DelegatingMethodAccessorImpl.java:43)
	at java.lang.reflect.Method.invoke(Method.java:606)
	at org.testng.internal.MethodInvocationHelper.invokeMethod(MethodInvocationHelper.java:84)
	at org.testng.internal.Invoker.invokeMethod(Invoker.java:714)
	at org.testng.internal.Invoker.invokeTestMethod(Invoker.java:901)
	at org.testng.internal.Invoker.invokeTestMethods(Invoker.java:1231)
	at org.testng.internal.TestMethodWorker.invokeTestMethods(TestMethodWorker.java:127)
	at org.testng.internal.TestMethodWorker.run(TestMethodWorker.java:111)
	at org.testng.TestRunner.privateRun(TestRunner.java:767)
	at org.testng.TestRunner.run(TestRunner.java:617)
	at org.testng.SuiteRunner.runTest(SuiteRunner.java:334)
	at org.testng.SuiteRunner.runSequentially(SuiteRunner.java:329)
	at org.testng.SuiteRunner.privateRun(SuiteRunner.java:291)
	at org.testng.SuiteRunner.run(SuiteRunner.java:240)
	at org.testng.SuiteRunnerWorker.runSuite(SuiteRunnerWorker.java:52)
	at org.testng.SuiteRunnerWorker.run(SuiteRunnerWorker.java:86)
	at org.testng.TestNG.runSuitesSequentially(TestNG.java:1224)
	at org.testng.TestNG.runSuitesLocally(TestNG.java:1149)
	at org.testng.TestNG.run(TestNG.java:1057)
	at org.testng.remote.RemoteTestNG.run(RemoteTestNG.java:111)
	at org.testng.remote.RemoteTestNG.initAndRun(RemoteTestNG.java:204)
	at org.testng.remote.RemoteTestNG.main(RemoteTestNG.java:175)
]]>
            </full-stacktrace>
          </exception> <!-- java.lang.AssertionError -->
          <reporter-output>
          </reporter-output>
        </test-method> <!-- testPDFReportThree -->
        <test-method status="PASS" signature="quit()[pri:0, instance:com.unicel.testCases.HybridExecuteTest@16daece7]" name="quit" is-config="true" duration-ms="619" started-at="2014-11-07T13:54:26Z" finished-at="2014-11-07T13:54:26Z">
          <reporter-output>
          </reporter-output>
        </test-method> <!-- quit -->
        <test-method status="PASS" signature="tearDown()[pri:0, instance:com.unicel.testCases.HybridExecuteTest@16daece7]" name="tearDown" is-config="true" duration-ms="5873" started-at="2014-11-07T13:54:27Z" finished-at="2014-11-07T13:54:33Z">
          <reporter-output>
          </reporter-output>
        </test-method> <!-- tearDown -->
      </class> <!-- com.unicel.testCases.HybridExecuteTest -->
    </test> <!-- Default test -->
  </suite> <!-- Default suite -->
</testng-results>
